[debug] [2024-12-18T14:53:37.962Z] ----------------------------------------------------------------------
[debug] [2024-12-18T14:53:37.966Z] Command:       C:\Program Files\nodejs\node.exe C:\Users\CH\AppData\Roaming\npm\node_modules\firebase-tools\lib\bin\firebase.js init functions
[debug] [2024-12-18T14:53:37.966Z] CLI Version:   13.29.1
[debug] [2024-12-18T14:53:37.967Z] Platform:      win32
[debug] [2024-12-18T14:53:37.967Z] Node Version:  v22.12.0
[debug] [2024-12-18T14:53:37.967Z] Time:          Wed Dec 18 2024 22:53:37 GMT+0800 (Taipei Standard Time)
[debug] [2024-12-18T14:53:37.967Z] ----------------------------------------------------------------------
[debug] 
[debug] [2024-12-18T14:53:37.974Z] > command requires scopes: ["email","openid","https://www.googleapis.com/auth/cloudplatformprojects.readonly","https://www.googleapis.com/auth/firebase","https://www.googleapis.com/auth/cloud-platform"]
[debug] [2024-12-18T14:53:37.974Z] > authorizing via signed-in user (tolentinochristian89@gmail.com)
[info] 
     ######## #### ########  ######## ########     ###     ######  ########
     ##        ##  ##     ## ##       ##     ##  ##   ##  ##       ##
     ######    ##  ########  ######   ########  #########  ######  ######
     ##        ##  ##    ##  ##       ##     ## ##     ##       ## ##
     ##       #### ##     ## ######## ########  ##     ##  ######  ########

You're about to initialize a Firebase project in this directory:

  D:\Downloads\PRINCEWEBADMIN\PRINCEWEBADMIN

[info] 
=== Project Setup
[info] 
[info] First, let's associate this project directory with a Firebase project.
[info] You can create multiple project aliases by running firebase use --add, 
[info] but for now we'll just set up a default project.
[info] 
[debug] [2024-12-18T14:53:54.615Z] Checked if tokens are valid: false, expires at: 1711632649752
[debug] [2024-12-18T14:53:54.616Z] Checked if tokens are valid: false, expires at: 1711632649752
[debug] [2024-12-18T14:53:54.616Z] > refreshing access token with scopes: []
[debug] [2024-12-18T14:53:54.618Z] >>> [apiv2][query] POST https://www.googleapis.com/oauth2/v3/token [none]
[debug] [2024-12-18T14:53:54.618Z] >>> [apiv2][body] POST https://www.googleapis.com/oauth2/v3/token [omitted]
[debug] [2024-12-18T14:53:54.823Z] <<< [apiv2][status] POST https://www.googleapis.com/oauth2/v3/token 400
[debug] [2024-12-18T14:53:54.824Z] <<< [apiv2][body] POST https://www.googleapis.com/oauth2/v3/token [omitted]
[debug] [2024-12-18T14:53:54.824Z] >>> [apiv2][query] GET https://firebase.googleapis.com/v1beta1/projects pageSize=100
[debug] [2024-12-18T14:53:54.954Z] <<< [apiv2][status] GET https://firebase.googleapis.com/v1beta1/projects 401
[debug] [2024-12-18T14:53:54.955Z] <<< [apiv2][body] GET https://firebase.googleapis.com/v1beta1/projects [omitted]
[debug] [2024-12-18T14:53:54.955Z] Got a 401 Unauthenticated error for a call that required authentication. Refreshing tokens.
[debug] [2024-12-18T14:53:54.955Z] Checked if tokens are valid: false, expires at: 1711632649752
[debug] [2024-12-18T14:53:54.955Z] Checked if tokens are valid: false, expires at: 1711632649752
[debug] [2024-12-18T14:53:54.955Z] > refreshing access token with scopes: []
[debug] [2024-12-18T14:53:54.956Z] >>> [apiv2][query] POST https://www.googleapis.com/oauth2/v3/token [none]
[debug] [2024-12-18T14:53:54.956Z] >>> [apiv2][body] POST https://www.googleapis.com/oauth2/v3/token [omitted]
[debug] [2024-12-18T14:53:55.009Z] <<< [apiv2][status] POST https://www.googleapis.com/oauth2/v3/token 400
[debug] [2024-12-18T14:53:55.010Z] <<< [apiv2][body] POST https://www.googleapis.com/oauth2/v3/token [omitted]
[debug] [2024-12-18T14:53:55.011Z] Request to https://firebase.googleapis.com/v1beta1/projects?pageSize=100 had HTTP Error: 401, Request had invalid authentication credentials. Expected OAuth 2 access token, login cookie or other valid authentication credential. See https://developers.google.com/identity/sign-in/web/devconsole-project.
[debug] [2024-12-18T14:53:55.012Z] FirebaseError: Request to https://firebase.googleapis.com/v1beta1/projects?pageSize=100 had HTTP Error: 401, Request had invalid authentication credentials. Expected OAuth 2 access token, login cookie or other valid authentication credential. See https://developers.google.com/identity/sign-in/web/devconsole-project.
    at responseToError (C:\Users\CH\AppData\Roaming\npm\node_modules\firebase-tools\lib\responseToError.js:52:12)
    at RetryOperation._fn (C:\Users\CH\AppData\Roaming\npm\node_modules\firebase-tools\lib\apiv2.js:312:77)
    at process.processTicksAndRejections (node:internal/process/task_queues:105:5)
[error] 
[error] Error: Failed to list Firebase projects. See firebase-debug.log for more info.
[debug] [2024-12-18T14:54:36.157Z] ----------------------------------------------------------------------
[debug] [2024-12-18T14:54:36.161Z] Command:       C:\Program Files\nodejs\node.exe C:\Users\CH\AppData\Roaming\npm\node_modules\firebase-tools\lib\bin\firebase.js init functions
[debug] [2024-12-18T14:54:36.162Z] CLI Version:   13.29.1
[debug] [2024-12-18T14:54:36.162Z] Platform:      win32
[debug] [2024-12-18T14:54:36.162Z] Node Version:  v22.12.0
[debug] [2024-12-18T14:54:36.163Z] Time:          Wed Dec 18 2024 22:54:36 GMT+0800 (Taipei Standard Time)
[debug] [2024-12-18T14:54:36.163Z] ----------------------------------------------------------------------
[debug] 
[debug] [2024-12-18T14:54:36.173Z] > command requires scopes: ["email","openid","https://www.googleapis.com/auth/cloudplatformprojects.readonly","https://www.googleapis.com/auth/firebase","https://www.googleapis.com/auth/cloud-platform"]
[debug] [2024-12-18T14:54:36.174Z] > authorizing via signed-in user (tolentinochristian89@gmail.com)
[info] 
     ######## #### ########  ######## ########     ###     ######  ########
     ##        ##  ##     ## ##       ##     ##  ##   ##  ##       ##
     ######    ##  ########  ######   ########  #########  ######  ######
     ##        ##  ##    ##  ##       ##     ## ##     ##       ## ##
     ##       #### ##     ## ######## ########  ##     ##  ######  ########

You're about to initialize a Firebase project in this directory:

  D:\Downloads\PRINCEWEBADMIN\PRINCEWEBADMIN

[info] 
=== Project Setup
[info] 
[info] First, let's associate this project directory with a Firebase project.
[info] You can create multiple project aliases by running firebase use --add, 
[info] but for now we'll just set up a default project.
[info] 
[debug] [2024-12-18T14:54:59.028Z] Checked if tokens are valid: false, expires at: 1711632649752
[debug] [2024-12-18T14:54:59.028Z] Checked if tokens are valid: false, expires at: 1711632649752
[debug] [2024-12-18T14:54:59.028Z] > refreshing access token with scopes: []
[debug] [2024-12-18T14:54:59.030Z] >>> [apiv2][query] POST https://www.googleapis.com/oauth2/v3/token [none]
[debug] [2024-12-18T14:54:59.030Z] >>> [apiv2][body] POST https://www.googleapis.com/oauth2/v3/token [omitted]
[debug] [2024-12-18T14:54:59.174Z] <<< [apiv2][status] POST https://www.googleapis.com/oauth2/v3/token 400
[debug] [2024-12-18T14:54:59.174Z] <<< [apiv2][body] POST https://www.googleapis.com/oauth2/v3/token [omitted]
[debug] [2024-12-18T14:54:59.175Z] >>> [apiv2][query] GET https://firebase.googleapis.com/v1beta1/projects pageSize=100
[debug] [2024-12-18T14:54:59.266Z] <<< [apiv2][status] GET https://firebase.googleapis.com/v1beta1/projects 401
[debug] [2024-12-18T14:54:59.266Z] <<< [apiv2][body] GET https://firebase.googleapis.com/v1beta1/projects [omitted]
[debug] [2024-12-18T14:54:59.266Z] Got a 401 Unauthenticated error for a call that required authentication. Refreshing tokens.
[debug] [2024-12-18T14:54:59.266Z] Checked if tokens are valid: false, expires at: 1711632649752
[debug] [2024-12-18T14:54:59.266Z] Checked if tokens are valid: false, expires at: 1711632649752
[debug] [2024-12-18T14:54:59.266Z] > refreshing access token with scopes: []
[debug] [2024-12-18T14:54:59.267Z] >>> [apiv2][query] POST https://www.googleapis.com/oauth2/v3/token [none]
[debug] [2024-12-18T14:54:59.267Z] >>> [apiv2][body] POST https://www.googleapis.com/oauth2/v3/token [omitted]
[debug] [2024-12-18T14:54:59.314Z] <<< [apiv2][status] POST https://www.googleapis.com/oauth2/v3/token 400
[debug] [2024-12-18T14:54:59.314Z] <<< [apiv2][body] POST https://www.googleapis.com/oauth2/v3/token [omitted]
[debug] [2024-12-18T14:54:59.315Z] Request to https://firebase.googleapis.com/v1beta1/projects?pageSize=100 had HTTP Error: 401, Request had invalid authentication credentials. Expected OAuth 2 access token, login cookie or other valid authentication credential. See https://developers.google.com/identity/sign-in/web/devconsole-project.
[debug] [2024-12-18T14:54:59.316Z] FirebaseError: Request to https://firebase.googleapis.com/v1beta1/projects?pageSize=100 had HTTP Error: 401, Request had invalid authentication credentials. Expected OAuth 2 access token, login cookie or other valid authentication credential. See https://developers.google.com/identity/sign-in/web/devconsole-project.
    at responseToError (C:\Users\CH\AppData\Roaming\npm\node_modules\firebase-tools\lib\responseToError.js:52:12)
    at RetryOperation._fn (C:\Users\CH\AppData\Roaming\npm\node_modules\firebase-tools\lib\apiv2.js:312:77)
    at process.processTicksAndRejections (node:internal/process/task_queues:105:5)
[error] 
[error] Error: Failed to list Firebase projects. See firebase-debug.log for more info.
[debug] [2024-12-18T14:55:07.114Z] ----------------------------------------------------------------------
[debug] [2024-12-18T14:55:07.118Z] Command:       C:\Program Files\nodejs\node.exe C:\Users\CH\AppData\Roaming\npm\node_modules\firebase-tools\lib\bin\firebase.js init functions
[debug] [2024-12-18T14:55:07.119Z] CLI Version:   13.29.1
[debug] [2024-12-18T14:55:07.119Z] Platform:      win32
[debug] [2024-12-18T14:55:07.119Z] Node Version:  v22.12.0
[debug] [2024-12-18T14:55:07.119Z] Time:          Wed Dec 18 2024 22:55:07 GMT+0800 (Taipei Standard Time)
[debug] [2024-12-18T14:55:07.120Z] ----------------------------------------------------------------------
[debug] 
[debug] [2024-12-18T14:55:07.129Z] > command requires scopes: ["email","openid","https://www.googleapis.com/auth/cloudplatformprojects.readonly","https://www.googleapis.com/auth/firebase","https://www.googleapis.com/auth/cloud-platform"]
[debug] [2024-12-18T14:55:07.130Z] > authorizing via signed-in user (tolentinochristian89@gmail.com)
[info] 
     ######## #### ########  ######## ########     ###     ######  ########
     ##        ##  ##     ## ##       ##     ##  ##   ##  ##       ##
     ######    ##  ########  ######   ########  #########  ######  ######
     ##        ##  ##    ##  ##       ##     ## ##     ##       ## ##
     ##       #### ##     ## ######## ########  ##     ##  ######  ########

You're about to initialize a Firebase project in this directory:

  D:\Downloads\PRINCEWEBADMIN\PRINCEWEBADMIN

[info] 
=== Project Setup
[info] 
[info] First, let's associate this project directory with a Firebase project.
[info] You can create multiple project aliases by running firebase use --add, 
[info] but for now we'll just set up a default project.
[info] 
[debug] [2024-12-18T14:55:10.706Z] Checked if tokens are valid: false, expires at: 1711632649752
[debug] [2024-12-18T14:55:10.706Z] Checked if tokens are valid: false, expires at: 1711632649752
[debug] [2024-12-18T14:55:10.707Z] > refreshing access token with scopes: []
[debug] [2024-12-18T14:55:10.708Z] >>> [apiv2][query] POST https://www.googleapis.com/oauth2/v3/token [none]
[debug] [2024-12-18T14:55:10.708Z] >>> [apiv2][body] POST https://www.googleapis.com/oauth2/v3/token [omitted]
[debug] [2024-12-18T14:55:10.860Z] <<< [apiv2][status] POST https://www.googleapis.com/oauth2/v3/token 400
[debug] [2024-12-18T14:55:10.860Z] <<< [apiv2][body] POST https://www.googleapis.com/oauth2/v3/token [omitted]
[debug] [2024-12-18T14:55:10.860Z] >>> [apiv2][query] GET https://firebase.googleapis.com/v1beta1/availableProjects pageSize=100
[debug] [2024-12-18T14:55:10.949Z] <<< [apiv2][status] GET https://firebase.googleapis.com/v1beta1/availableProjects 401
[debug] [2024-12-18T14:55:10.949Z] <<< [apiv2][body] GET https://firebase.googleapis.com/v1beta1/availableProjects [omitted]
[debug] [2024-12-18T14:55:10.950Z] Got a 401 Unauthenticated error for a call that required authentication. Refreshing tokens.
[debug] [2024-12-18T14:55:10.950Z] Checked if tokens are valid: false, expires at: 1711632649752
[debug] [2024-12-18T14:55:10.950Z] Checked if tokens are valid: false, expires at: 1711632649752
[debug] [2024-12-18T14:55:10.950Z] > refreshing access token with scopes: []
[debug] [2024-12-18T14:55:10.950Z] >>> [apiv2][query] POST https://www.googleapis.com/oauth2/v3/token [none]
[debug] [2024-12-18T14:55:10.951Z] >>> [apiv2][body] POST https://www.googleapis.com/oauth2/v3/token [omitted]
[debug] [2024-12-18T14:55:11.001Z] <<< [apiv2][status] POST https://www.googleapis.com/oauth2/v3/token 400
[debug] [2024-12-18T14:55:11.001Z] <<< [apiv2][body] POST https://www.googleapis.com/oauth2/v3/token [omitted]
[debug] [2024-12-18T14:55:11.002Z] Request to https://firebase.googleapis.com/v1beta1/availableProjects?pageSize=100 had HTTP Error: 401, Request had invalid authentication credentials. Expected OAuth 2 access token, login cookie or other valid authentication credential. See https://developers.google.com/identity/sign-in/web/devconsole-project.
[debug] [2024-12-18T14:55:11.003Z] FirebaseError: Request to https://firebase.googleapis.com/v1beta1/availableProjects?pageSize=100 had HTTP Error: 401, Request had invalid authentication credentials. Expected OAuth 2 access token, login cookie or other valid authentication credential. See https://developers.google.com/identity/sign-in/web/devconsole-project.
    at responseToError (C:\Users\CH\AppData\Roaming\npm\node_modules\firebase-tools\lib\responseToError.js:52:12)
    at RetryOperation._fn (C:\Users\CH\AppData\Roaming\npm\node_modules\firebase-tools\lib\apiv2.js:312:77)
    at process.processTicksAndRejections (node:internal/process/task_queues:105:5)
[error] 
[error] Error: Failed to list available Google Cloud Platform projects. See firebase-debug.log for more info.
